setting 'ivy.default.settings.dir' to 'jar:file:/C:/cc/hosted/sbt-launcher.jar!/org/apache/ivy/core/settings'
setting 'ivy.basedir' to 'C:\cc\hosted\.'
setting 'ivy.default.conf.dir' to 'jar:file:/C:/cc/hosted/sbt-launcher.jar!/org/apache/ivy/core/settings'
impossible to define new type: class not found: org.apache.ivy.plugins.version.PatternVersionMatcher in [] nor Ivy classloader
impossible to define new type: class not found: org.apache.ivy.plugins.trigger.LogTrigger in [] nor Ivy classloader
impossible to define new type: class not found: org.apache.ivy.plugins.resolver.VsftpResolver in [] nor Ivy classloader
impossible to define new type: class not found: org.apache.ivy.plugins.conflict.RegexpConflictManager in [] nor Ivy classloader
impossible to define new type: class not found: org.apache.ivy.plugins.resolver.SshResolver in [] nor Ivy classloader
impossible to define new type: class not found: org.apache.ivy.plugins.resolver.VfsResolver in [] nor Ivy classloader
impossible to define new type: class not found: org.apache.ivy.plugins.signer.bouncycastle.OpenPGPSignatureGenerator in [] nor Ivy classloader
impossible to define new type: class not found: org.apache.ivy.plugins.resolver.SFTPResolver in [] nor Ivy classloader
impossible to define new type: class not found: org.apache.ivy.plugins.resolver.packager.PackagerResolver in [] nor Ivy classloader
impossible to define new type: class not found: org.apache.ivy.ant.AntCallTrigger in [] nor Ivy classloader
impossible to define new type: class not found: org.apache.ivy.plugins.resolver.IvyRepResolver in [] nor Ivy classloader
impossible to define new type: class not found: org.apache.ivy.ant.AntBuildTrigger in [] nor Ivy classloader
impossible to define glob matcher: org.apache.ivy.plugins.matcher.GlobPatternMatcher was not found.
setting 'java.runtime.name' to 'Java(TM) SE Runtime Environment'
setting 'sun.boot.library.path' to 'C:\Program Files\Java\jdk1.7.0\jre\bin'
setting 'java.vm.version' to '21.0-b17'
setting 'java.vm.vendor' to 'Oracle Corporation'
setting 'java.vendor.url' to 'http://java.oracle.com/'
setting 'path.separator' to ';'
setting 'java.vm.name' to 'Java HotSpot(TM) 64-Bit Server VM'
setting 'file.encoding.pkg' to 'sun.io'
setting 'user.country' to 'US'
setting 'user.script' to ''
setting 'sun.java.launcher' to 'SUN_STANDARD'
setting 'sun.os.patch.level' to ''
setting 'java.vm.specification.name' to 'Java Virtual Machine Specification'
setting 'user.dir' to 'C:\cc\hosted'
setting 'java.runtime.version' to '1.7.0-b147'
setting 'java.awt.graphicsenv' to 'sun.awt.Win32GraphicsEnvironment'
setting 'java.endorsed.dirs' to 'C:\Program Files\Java\jdk1.7.0\jre\lib\endorsed'
setting 'os.arch' to 'amd64'
setting 'java.io.tmpdir' to 'C:\Users\soren\AppData\Local\Temp\'
setting 'line.separator' to '
'
setting 'java.vm.specification.vendor' to 'Oracle Corporation'
setting 'user.variant' to ''
setting 'os.name' to 'Windows NT (unknown)'
setting 'sun.jnu.encoding' to 'Cp1252'
setting 'java.library.path' to 'C:\Program Files\Java\jdk1.7.0\bin;C:\Windows\Sun\Java\bin;C:\Windows\system32;C:\Windows;C:\Program Files (x86)\leJOS NXJ\bin;C:\Program Files\Java\jdk1.7.0\bin;C:\Program Files (x86)\PHP\;C:\Windows\system32;C:\Windows;C:\Windows\System32\Wbem;C:\Windows\System32\WindowsPowerShell\v1.0\;C:\Python27;c:\Program Files (x86)\Microsoft SQL Server\110\Tools\Binn\;c:\Program Files\Microsoft SQL Server\110\Tools\Binn\;c:\Program Files\Microsoft SQL Server\110\DTS\Binn\;c:\lein;C:\Program Files\Perforce;C:\Program Files\MATLAB\R2010a\runtime\win64;C:\Program Files\MATLAB\R2010a\bin;C:\Program Files (x86)\Calibre2\;C:\Program Files\TortoiseSVN\bin;c:\Program Files (x86)\Microsoft ASP.NET\ASP.NET Web Pages\v1.0\;c:\scala\sbt\;C:\Program Files (x86)\Heroku;C:\Program Files (x86)\git\bin;C:\Program Files (x86)\git\cmd;C:\Program Files (x86)\Git\cmd;C:\play-2.0-beta\;C:\Program Files (x86)\SMLNJ\bin\;C:\MinGW\bin\;C:\VXIPNP\WinNT\Bin;C:\Program Files (x86)\IronRuby 1.1\bin;C:\Program Files\TortoiseGit\bin;C:\Ruby193\bin;c:\apache-maven-3.0.3\bin;c:\glut\bin;.'
setting 'java.specification.name' to 'Java Platform API Specification'
setting 'java.class.version' to '51.0'
setting 'sun.management.compiler' to 'HotSpot 64-Bit Tiered Compilers'
setting 'os.version' to '6.2'
setting 'user.home' to 'C:\Users\soren'
setting 'user.timezone' to 'Europe/Berlin'
setting 'java.awt.printerjob' to 'sun.awt.windows.WPrinterJob'
setting 'file.encoding' to 'Cp1252'
setting 'java.specification.version' to '1.7'
setting 'java.class.path' to 'C:\cc\hosted\\sbt-launcher.jar'
setting 'user.name' to 'soren'
setting 'java.vm.specification.version' to '1.7'
setting 'sun.java.command' to 'C:\cc\hosted\\sbt-launcher.jar'
setting 'java.home' to 'C:\Program Files\Java\jdk1.7.0\jre'
setting 'sun.arch.data.model' to '64'
setting 'user.language' to 'en'
setting 'java.specification.vendor' to 'Oracle Corporation'
setting 'awt.toolkit' to 'sun.awt.windows.WToolkit'
setting 'java.vm.info' to 'mixed mode'
setting 'java.version' to '1.7.0'
setting 'java.ext.dirs' to 'C:\Program Files\Java\jdk1.7.0\jre\lib\ext;C:\Windows\Sun\Java\lib\ext'
setting 'sun.boot.class.path' to 'C:\Program Files\Java\jdk1.7.0\jre\lib\resources.jar;C:\Program Files\Java\jdk1.7.0\jre\lib\rt.jar;C:\Program Files\Java\jdk1.7.0\jre\lib\sunrsasign.jar;C:\Program Files\Java\jdk1.7.0\jre\lib\jsse.jar;C:\Program Files\Java\jdk1.7.0\jre\lib\jce.jar;C:\Program Files\Java\jdk1.7.0\jre\lib\charsets.jar;C:\Program Files\Java\jdk1.7.0\jre\classes'
setting 'java.vendor' to 'Oracle Corporation'
setting 'file.separator' to '\'
setting 'java.vendor.url.bug' to 'http://bugreport.sun.com/bugreport/'
setting 'sun.io.unicode.encoding' to 'UnicodeLittle'
setting 'sun.cpu.endian' to 'little'
setting 'sun.desktop' to 'windows'
setting 'sun.cpu.isalist' to 'amd64'
setting 'ivy.default.ivy.user.dir' to 'C:\Users\soren\.ivy2'
setting 'ivy.home' to 'C:\Users\soren\.ivy2'
no default ivy user dir defined: set to C:\Users\soren\.ivy2
setting 'ivy.cache.dir' to 'C:\Users\soren\.ivy2\cache'
no default cache defined: set to C:\Users\soren\.ivy2\cache
setting 'ivy.basedir' to 'C:\cc\hosted\project\boot'
setting 'basedir' to 'C:\cc\hosted\project\boot'
setting 'scala' to '2.7.7'
:: resolving dependencies :: org.scala-tools.sbt#boot-app;1.0
	confs: [default]
	validate = true
	refresh = false
resolving dependencies for configuration 'default'
== resolving dependencies for org.scala-tools.sbt#boot-app;1.0 [default]
loadData of org.scala-tools.sbt#boot-app;1.0 of rootConf=default
== resolving dependencies org.scala-tools.sbt#boot-app;1.0->org.scala-tools.sbt#sbt_2.7.7;0.11.2 [default->default(compile)]
loadData of org.scala-tools.sbt#sbt_2.7.7;0.11.2 of rootConf=default
	using redefined-public to resolve org.scala-tools.sbt#sbt_2.7.7;0.11.2
redefined-public: Checking cache for: dependency: org.scala-tools.sbt#sbt_2.7.7;0.11.2 {default=[default(compile)]}
redefined-public: no namespace defined: using system
	no ivy file in cache for org.scala-tools.sbt#sbt_2.7.7;0.11.2: tried C:\Users\soren\.ivy2\cache\org.scala-tools.sbt\sbt_2.7.7\ivy-0.11.2.xml
redefined-public: no latest strategy defined: using default
local: no namespace defined: using system
	no ivy file in cache for org.scala-tools.sbt#sbt_2.7.7;0.11.2: tried C:\Users\soren\.ivy2\cache\org.scala-tools.sbt\sbt_2.7.7\ivy-0.11.2.xml
	 trying C:\Users\soren\.ivy2/local/org.scala-tools.sbt/sbt_2.7.7/0.11.2/ivys/ivy.xml
		tried C:\Users\soren\.ivy2/local/org.scala-tools.sbt/sbt_2.7.7/0.11.2/ivys/ivy.xml
	local: resource not reachable for org.scala-tools.sbt#sbt_2.7.7;0.11.2: res=C:\Users\soren\.ivy2\local\org.scala-tools.sbt\sbt_2.7.7\0.11.2\ivys\ivy.xml
	 trying C:\Users\soren\.ivy2/local/org.scala-tools.sbt/sbt_2.7.7/0.11.2/jars/sbt_2.7.7.jar
		tried C:\Users\soren\.ivy2/local/org.scala-tools.sbt/sbt_2.7.7/0.11.2/jars/sbt_2.7.7.jar
	local: resource not reachable for org.scala-tools.sbt#sbt_2.7.7;0.11.2: res=C:\Users\soren\.ivy2\local\org.scala-tools.sbt\sbt_2.7.7\0.11.2\jars\sbt_2.7.7.jar
	local: no ivy file nor artifact found for org.scala-tools.sbt#sbt_2.7.7;0.11.2
Maven2 Local: no namespace defined: using system
	no ivy file in cache for org.scala-tools.sbt#sbt_2.7.7;0.11.2: tried C:\Users\soren\.ivy2\cache\org.scala-tools.sbt\sbt_2.7.7\ivy-0.11.2.xml
	 trying file://C:\Users\soren/.m2/repository/org/scala-tools/sbt/sbt_2.7.7/0.11.2/sbt_2.7.7-0.11.2.pom
		tried file://C:\Users\soren/.m2/repository/org/scala-tools/sbt/sbt_2.7.7/0.11.2/sbt_2.7.7-0.11.2.pom
	Maven2 Local: resource not reachable for org/scala-tools/sbt#sbt_2.7.7;0.11.2: res=file://C:/Users/soren/.m2/repository/org/scala-tools/sbt/sbt_2.7.7/0.11.2/sbt_2.7.7-0.11.2.pom
	 trying file://C:\Users\soren/.m2/repository/org/scala-tools/sbt/sbt_2.7.7/0.11.2/sbt_2.7.7-0.11.2.jar
		tried file://C:\Users\soren/.m2/repository/org/scala-tools/sbt/sbt_2.7.7/0.11.2/sbt_2.7.7-0.11.2.jar
	Maven2 Local: resource not reachable for org/scala-tools/sbt#sbt_2.7.7;0.11.2: res=file://C:/Users/soren/.m2/repository/org/scala-tools/sbt/sbt_2.7.7/0.11.2/sbt_2.7.7-0.11.2.jar
	Maven2 Local: no ivy file nor artifact found for org.scala-tools.sbt#sbt_2.7.7;0.11.2
sbt-db: no namespace defined: using system
	no ivy file in cache for org.scala-tools.sbt#sbt_2.7.7;0.11.2: tried C:\Users\soren\.ivy2\cache\org.scala-tools.sbt\sbt_2.7.7\ivy-0.11.2.xml
	 trying http://databinder.net/repo/org.scala-tools.sbt/sbt_2.7.7/0.11.2/ivys/ivy.xml
		tried http://databinder.net/repo/org.scala-tools.sbt/sbt_2.7.7/0.11.2/ivys/ivy.xml
HTTP response status: 404 url=http://databinder.net/repo/org.scala-tools.sbt/sbt_2.7.7/0.11.2/ivys/ivy.xml
CLIENT ERROR: Not Found url=http://databinder.net/repo/org.scala-tools.sbt/sbt_2.7.7/0.11.2/ivys/ivy.xml
	sbt-db: resource not reachable for org.scala-tools.sbt#sbt_2.7.7;0.11.2: res=http://databinder.net/repo/org.scala-tools.sbt/sbt_2.7.7/0.11.2/ivys/ivy.xml
	 trying http://databinder.net/repo/org.scala-tools.sbt/sbt_2.7.7/0.11.2/jars/sbt_2.7.7.jar
		tried http://databinder.net/repo/org.scala-tools.sbt/sbt_2.7.7/0.11.2/jars/sbt_2.7.7.jar
HTTP response status: 404 url=http://databinder.net/repo/org.scala-tools.sbt/sbt_2.7.7/0.11.2/jars/sbt_2.7.7.jar
CLIENT ERROR: Not Found url=http://databinder.net/repo/org.scala-tools.sbt/sbt_2.7.7/0.11.2/jars/sbt_2.7.7.jar
	sbt-db: resource not reachable for org.scala-tools.sbt#sbt_2.7.7;0.11.2: res=http://databinder.net/repo/org.scala-tools.sbt/sbt_2.7.7/0.11.2/jars/sbt_2.7.7.jar
	sbt-db: no ivy file nor artifact found for org.scala-tools.sbt#sbt_2.7.7;0.11.2
Maven Central: no namespace defined: using system
	no ivy file in cache for org.scala-tools.sbt#sbt_2.7.7;0.11.2: tried C:\Users\soren\.ivy2\cache\org.scala-tools.sbt\sbt_2.7.7\ivy-0.11.2.xml
	 trying http://repo1.maven.org/maven2/org/scala-tools/sbt/sbt_2.7.7/0.11.2/sbt_2.7.7-0.11.2.pom
		tried http://repo1.maven.org/maven2/org/scala-tools/sbt/sbt_2.7.7/0.11.2/sbt_2.7.7-0.11.2.pom
HTTP response status: 404 url=http://repo1.maven.org/maven2/org/scala-tools/sbt/sbt_2.7.7/0.11.2/sbt_2.7.7-0.11.2.pom
CLIENT ERROR: Not Found url=http://repo1.maven.org/maven2/org/scala-tools/sbt/sbt_2.7.7/0.11.2/sbt_2.7.7-0.11.2.pom
	Maven Central: resource not reachable for org/scala-tools/sbt#sbt_2.7.7;0.11.2: res=http://repo1.maven.org/maven2/org/scala-tools/sbt/sbt_2.7.7/0.11.2/sbt_2.7.7-0.11.2.pom
	 trying http://repo1.maven.org/maven2/org/scala-tools/sbt/sbt_2.7.7/0.11.2/sbt_2.7.7-0.11.2.jar
		tried http://repo1.maven.org/maven2/org/scala-tools/sbt/sbt_2.7.7/0.11.2/sbt_2.7.7-0.11.2.jar
HTTP response status: 404 url=http://repo1.maven.org/maven2/org/scala-tools/sbt/sbt_2.7.7/0.11.2/sbt_2.7.7-0.11.2.jar
CLIENT ERROR: Not Found url=http://repo1.maven.org/maven2/org/scala-tools/sbt/sbt_2.7.7/0.11.2/sbt_2.7.7-0.11.2.jar
	Maven Central: resource not reachable for org/scala-tools/sbt#sbt_2.7.7;0.11.2: res=http://repo1.maven.org/maven2/org/scala-tools/sbt/sbt_2.7.7/0.11.2/sbt_2.7.7-0.11.2.jar
	Maven Central: no ivy file nor artifact found for org.scala-tools.sbt#sbt_2.7.7;0.11.2
Scala-Tools Maven2 Repository: no namespace defined: using system
	no ivy file in cache for org.scala-tools.sbt#sbt_2.7.7;0.11.2: tried C:\Users\soren\.ivy2\cache\org.scala-tools.sbt\sbt_2.7.7\ivy-0.11.2.xml
	 trying http://scala-tools.org/repo-releases/org/scala-tools/sbt/sbt_2.7.7/0.11.2/sbt_2.7.7-0.11.2.pom
		tried http://scala-tools.org/repo-releases/org/scala-tools/sbt/sbt_2.7.7/0.11.2/sbt_2.7.7-0.11.2.pom
HTTP response status: 404 url=http://scala-tools.org/repo-releases/org/scala-tools/sbt/sbt_2.7.7/0.11.2/sbt_2.7.7-0.11.2.pom
CLIENT ERROR: The server has not found anything matching the request URI url=http://scala-tools.org/repo-releases/org/scala-tools/sbt/sbt_2.7.7/0.11.2/sbt_2.7.7-0.11.2.pom
	Scala-Tools Maven2 Repository: resource not reachable for org/scala-tools/sbt#sbt_2.7.7;0.11.2: res=http://scala-tools.org/repo-releases/org/scala-tools/sbt/sbt_2.7.7/0.11.2/sbt_2.7.7-0.11.2.pom
	 trying http://scala-tools.org/repo-releases/org/scala-tools/sbt/sbt_2.7.7/0.11.2/sbt_2.7.7-0.11.2.jar
		tried http://scala-tools.org/repo-releases/org/scala-tools/sbt/sbt_2.7.7/0.11.2/sbt_2.7.7-0.11.2.jar
HTTP response status: 404 url=http://scala-tools.org/repo-releases/org/scala-tools/sbt/sbt_2.7.7/0.11.2/sbt_2.7.7-0.11.2.jar
CLIENT ERROR: The server has not found anything matching the request URI url=http://scala-tools.org/repo-releases/org/scala-tools/sbt/sbt_2.7.7/0.11.2/sbt_2.7.7-0.11.2.jar
	Scala-Tools Maven2 Repository: resource not reachable for org/scala-tools/sbt#sbt_2.7.7;0.11.2: res=http://scala-tools.org/repo-releases/org/scala-tools/sbt/sbt_2.7.7/0.11.2/sbt_2.7.7-0.11.2.jar
	Scala-Tools Maven2 Repository: no ivy file nor artifact found for org.scala-tools.sbt#sbt_2.7.7;0.11.2
Scala-Tools Maven2 Snapshots Repository: no namespace defined: using system
	no ivy file in cache for org.scala-tools.sbt#sbt_2.7.7;0.11.2: tried C:\Users\soren\.ivy2\cache\org.scala-tools.sbt\sbt_2.7.7\ivy-0.11.2.xml
	 trying http://scala-tools.org/repo-snapshots/org/scala-tools/sbt/sbt_2.7.7/0.11.2/sbt_2.7.7-0.11.2.pom
		tried http://scala-tools.org/repo-snapshots/org/scala-tools/sbt/sbt_2.7.7/0.11.2/sbt_2.7.7-0.11.2.pom
HTTP response status: 404 url=http://scala-tools.org/repo-snapshots/org/scala-tools/sbt/sbt_2.7.7/0.11.2/sbt_2.7.7-0.11.2.pom
CLIENT ERROR: The server has not found anything matching the request URI url=http://scala-tools.org/repo-snapshots/org/scala-tools/sbt/sbt_2.7.7/0.11.2/sbt_2.7.7-0.11.2.pom
	Scala-Tools Maven2 Snapshots Repository: resource not reachable for org/scala-tools/sbt#sbt_2.7.7;0.11.2: res=http://scala-tools.org/repo-snapshots/org/scala-tools/sbt/sbt_2.7.7/0.11.2/sbt_2.7.7-0.11.2.pom
	 trying http://scala-tools.org/repo-snapshots/org/scala-tools/sbt/sbt_2.7.7/0.11.2/sbt_2.7.7-0.11.2.jar
		tried http://scala-tools.org/repo-snapshots/org/scala-tools/sbt/sbt_2.7.7/0.11.2/sbt_2.7.7-0.11.2.jar
HTTP response status: 404 url=http://scala-tools.org/repo-snapshots/org/scala-tools/sbt/sbt_2.7.7/0.11.2/sbt_2.7.7-0.11.2.jar
CLIENT ERROR: The server has not found anything matching the request URI url=http://scala-tools.org/repo-snapshots/org/scala-tools/sbt/sbt_2.7.7/0.11.2/sbt_2.7.7-0.11.2.jar
	Scala-Tools Maven2 Snapshots Repository: resource not reachable for org/scala-tools/sbt#sbt_2.7.7;0.11.2: res=http://scala-tools.org/repo-snapshots/org/scala-tools/sbt/sbt_2.7.7/0.11.2/sbt_2.7.7-0.11.2.jar
	Scala-Tools Maven2 Snapshots Repository: no ivy file nor artifact found for org.scala-tools.sbt#sbt_2.7.7;0.11.2
WARN: 	module not found: org.scala-tools.sbt#sbt_2.7.7;0.11.2
WARN: ==== local: tried
WARN:   C:\Users\soren\.ivy2/local/org.scala-tools.sbt/sbt_2.7.7/0.11.2/ivys/ivy.xml
WARN:   -- artifact org.scala-tools.sbt#sbt_2.7.7;0.11.2!sbt_2.7.7.jar:
WARN:   C:\Users\soren\.ivy2/local/org.scala-tools.sbt/sbt_2.7.7/0.11.2/jars/sbt_2.7.7.jar
WARN: ==== Maven2 Local: tried
WARN:   file://C:\Users\soren/.m2/repository/org/scala-tools/sbt/sbt_2.7.7/0.11.2/sbt_2.7.7-0.11.2.pom
WARN:   -- artifact org.scala-tools.sbt#sbt_2.7.7;0.11.2!sbt_2.7.7.jar:
WARN:   file://C:\Users\soren/.m2/repository/org/scala-tools/sbt/sbt_2.7.7/0.11.2/sbt_2.7.7-0.11.2.jar
WARN: ==== sbt-db: tried
WARN:   http://databinder.net/repo/org.scala-tools.sbt/sbt_2.7.7/0.11.2/ivys/ivy.xml
WARN:   -- artifact org.scala-tools.sbt#sbt_2.7.7;0.11.2!sbt_2.7.7.jar:
WARN:   http://databinder.net/repo/org.scala-tools.sbt/sbt_2.7.7/0.11.2/jars/sbt_2.7.7.jar
WARN: ==== Maven Central: tried
WARN:   http://repo1.maven.org/maven2/org/scala-tools/sbt/sbt_2.7.7/0.11.2/sbt_2.7.7-0.11.2.pom
WARN:   -- artifact org.scala-tools.sbt#sbt_2.7.7;0.11.2!sbt_2.7.7.jar:
WARN:   http://repo1.maven.org/maven2/org/scala-tools/sbt/sbt_2.7.7/0.11.2/sbt_2.7.7-0.11.2.jar
WARN: ==== Scala-Tools Maven2 Repository: tried
WARN:   http://scala-tools.org/repo-releases/org/scala-tools/sbt/sbt_2.7.7/0.11.2/sbt_2.7.7-0.11.2.pom
WARN:   -- artifact org.scala-tools.sbt#sbt_2.7.7;0.11.2!sbt_2.7.7.jar:
WARN:   http://scala-tools.org/repo-releases/org/scala-tools/sbt/sbt_2.7.7/0.11.2/sbt_2.7.7-0.11.2.jar
WARN: ==== Scala-Tools Maven2 Snapshots Repository: tried
WARN:   http://scala-tools.org/repo-snapshots/org/scala-tools/sbt/sbt_2.7.7/0.11.2/sbt_2.7.7-0.11.2.pom
WARN:   -- artifact org.scala-tools.sbt#sbt_2.7.7;0.11.2!sbt_2.7.7.jar:
WARN:   http://scala-tools.org/repo-snapshots/org/scala-tools/sbt/sbt_2.7.7/0.11.2/sbt_2.7.7-0.11.2.jar
Nbr of module to sort : 0
	resolved ivy file produced in C:\Users\soren\.ivy2\cache\resolved-org.scala-tools.sbt-boot-app-1.0.xml
:: downloading artifacts ::
:: resolution report :: resolve 5458ms :: artifacts dl 0ms
WARN: 	::::::::::::::::::::::::::::::::::::::::::::::
WARN: 	::          UNRESOLVED DEPENDENCIES         ::
WARN: 	::::::::::::::::::::::::::::::::::::::::::::::
WARN: 	:: org.scala-tools.sbt#sbt_2.7.7;0.11.2: not found
WARN: 	::::::::::::::::::::::::::::::::::::::::::::::

Nbr of module to sort : 0
	report for org.scala-tools.sbt#boot-app;1.0 default produced in C:\Users\soren\.ivy2\cache\org.scala-tools.sbt-boot-app-default.xml
	resolve done (5458ms resolve - 0ms download)

:: problems summary ::
:::: WARNINGS
		module not found: org.scala-tools.sbt#sbt_2.7.7;0.11.2

	==== local: tried

	  C:\Users\soren\.ivy2/local/org.scala-tools.sbt/sbt_2.7.7/0.11.2/ivys/ivy.xml

	  -- artifact org.scala-tools.sbt#sbt_2.7.7;0.11.2!sbt_2.7.7.jar:

	  C:\Users\soren\.ivy2/local/org.scala-tools.sbt/sbt_2.7.7/0.11.2/jars/sbt_2.7.7.jar

	==== Maven2 Local: tried

	  file://C:\Users\soren/.m2/repository/org/scala-tools/sbt/sbt_2.7.7/0.11.2/sbt_2.7.7-0.11.2.pom

	  -- artifact org.scala-tools.sbt#sbt_2.7.7;0.11.2!sbt_2.7.7.jar:

	  file://C:\Users\soren/.m2/repository/org/scala-tools/sbt/sbt_2.7.7/0.11.2/sbt_2.7.7-0.11.2.jar

	==== sbt-db: tried

	  http://databinder.net/repo/org.scala-tools.sbt/sbt_2.7.7/0.11.2/ivys/ivy.xml

	  -- artifact org.scala-tools.sbt#sbt_2.7.7;0.11.2!sbt_2.7.7.jar:

	  http://databinder.net/repo/org.scala-tools.sbt/sbt_2.7.7/0.11.2/jars/sbt_2.7.7.jar

	==== Maven Central: tried

	  http://repo1.maven.org/maven2/org/scala-tools/sbt/sbt_2.7.7/0.11.2/sbt_2.7.7-0.11.2.pom

	  -- artifact org.scala-tools.sbt#sbt_2.7.7;0.11.2!sbt_2.7.7.jar:

	  http://repo1.maven.org/maven2/org/scala-tools/sbt/sbt_2.7.7/0.11.2/sbt_2.7.7-0.11.2.jar

	==== Scala-Tools Maven2 Repository: tried

	  http://scala-tools.org/repo-releases/org/scala-tools/sbt/sbt_2.7.7/0.11.2/sbt_2.7.7-0.11.2.pom

	  -- artifact org.scala-tools.sbt#sbt_2.7.7;0.11.2!sbt_2.7.7.jar:

	  http://scala-tools.org/repo-releases/org/scala-tools/sbt/sbt_2.7.7/0.11.2/sbt_2.7.7-0.11.2.jar

	==== Scala-Tools Maven2 Snapshots Repository: tried

	  http://scala-tools.org/repo-snapshots/org/scala-tools/sbt/sbt_2.7.7/0.11.2/sbt_2.7.7-0.11.2.pom

	  -- artifact org.scala-tools.sbt#sbt_2.7.7;0.11.2!sbt_2.7.7.jar:

	  http://scala-tools.org/repo-snapshots/org/scala-tools/sbt/sbt_2.7.7/0.11.2/sbt_2.7.7-0.11.2.jar

		::::::::::::::::::::::::::::::::::::::::::::::

		::          UNRESOLVED DEPENDENCIES         ::

		::::::::::::::::::::::::::::::::::::::::::::::

		:: org.scala-tools.sbt#sbt_2.7.7;0.11.2: not found

		::::::::::::::::::::::::::::::::::::::::::::::



:: USE VERBOSE OR DEBUG MESSAGE LEVEL FOR MORE DETAILS
java.lang.RuntimeException: not found
	at org.apache.ivy.core.resolve.IvyNode.loadData(IvyNode.java:237)
	at org.apache.ivy.core.resolve.VisitNode.loadData(VisitNode.java:287)
	at org.apache.ivy.core.resolve.ResolveEngine.fetchDependencies(ResolveEngine.java:696)
	at org.apache.ivy.core.resolve.ResolveEngine.doFetchDependencies(ResolveEngine.java:781)
	at org.apache.ivy.core.resolve.ResolveEngine.fetchDependencies(ResolveEngine.java:704)
	at org.apache.ivy.core.resolve.ResolveEngine.getDependencies(ResolveEngine.java:576)
	at org.apache.ivy.core.resolve.ResolveEngine.resolve(ResolveEngine.java:237)
	at xsbt.boot.Update.resolve(Update.scala:160)
	at xsbt.boot.Update.update(Update.scala:116)
	at xsbt.boot.Update.update(Update.scala:110)
	at xsbt.boot.Update.xsbt$boot$Update$$lockedApply(Update.scala:73)
	at xsbt.boot.Update$$anon$2.call(Update.scala:67)
	at xsbt.boot.Update$$anon$2.call(Update.scala:67)
	at xsbt.boot.Locks$GlobalLock.withChannel$1(Locks.scala:63)
	at xsbt.boot.Locks$GlobalLock$$anonfun$withFileLock$1.apply(Locks.scala:67)
	at xsbt.boot.Locks$GlobalLock$$anonfun$withFileLock$1.apply(Locks.scala:67)
	at xsbt.boot.Using$.withResource(Using.scala:11)
	at xsbt.boot.Using$.apply(Using.scala:10)
	at xsbt.boot.Locks$GlobalLock.withFileLock(Locks.scala:67)
	at xsbt.boot.Locks$GlobalLock.liftedTree1$1(Locks.scala:45)
	at xsbt.boot.Locks$GlobalLock.withLock(Locks.scala:45)
	at xsbt.boot.Locks$.apply(Locks.scala:31)
	at xsbt.boot.Update.apply(Update.scala:68)
	at xsbt.boot.Provider$initialize.call(Provider.scala:41)
	at xsbt.boot.Provider$initialize.call(Provider.scala:32)
	at xsbt.boot.Locks$GlobalLock.withChannel$1(Locks.scala:63)
	at xsbt.boot.Locks$GlobalLock$$anonfun$withFileLock$1.apply(Locks.scala:67)
	at xsbt.boot.Locks$GlobalLock$$anonfun$withFileLock$1.apply(Locks.scala:67)
	at xsbt.boot.Using$.withResource(Using.scala:11)
	at xsbt.boot.Using$.apply(Using.scala:10)
	at xsbt.boot.Locks$GlobalLock.withFileLock(Locks.scala:67)
	at xsbt.boot.Locks$GlobalLock.liftedTree1$1(Locks.scala:45)
	at xsbt.boot.Locks$GlobalLock.withLock(Locks.scala:45)
	at xsbt.boot.Locks$.apply(Locks.scala:31)
	at xsbt.boot.Provider$class.$init$(Provider.scala:31)
	at xsbt.boot.Launch$ScalaProvider$AppProvider.<init>(Launch.scala:114)
	at xsbt.boot.Launch$ScalaProvider.app(Launch.scala:112)
	at xsbt.boot.Launch$.run(Launch.scala:49)
	at xsbt.boot.Launch$$anonfun$explicit$1.apply(Launch.scala:42)
	at xsbt.boot.Launch$$anonfun$explicit$1.apply(Launch.scala:42)
	at xsbt.boot.Launch$.launch(Launch.scala:57)
	at xsbt.boot.Launch$.explicit(Launch.scala:42)
	at xsbt.boot.Launch$.initialized(Launch.scala:38)
	at xsbt.boot.Launch$.parsed(Launch.scala:31)
	at xsbt.boot.Launch$.configured(Launch.scala:21)
	at xsbt.boot.Launch$.apply(Launch.scala:16)
	at xsbt.boot.Launch$.apply(Launch.scala:13)
	at xsbt.boot.Boot$.runImpl(Boot.scala:24)
	at xsbt.boot.Boot$.run(Boot.scala:19)
	at xsbt.boot.Boot$.main(Boot.scala:15)
	at xsbt.boot.Boot.main(Boot.scala)
Error during sbt execution: Error retrieving required libraries
	at xsbt.boot.Pre$.error(Pre.scala:18)
	at xsbt.boot.Update.resolve(Update.scala:167)
	at xsbt.boot.Update.update(Update.scala:116)
	at xsbt.boot.Update.update(Update.scala:110)
	at xsbt.boot.Update.xsbt$boot$Update$$lockedApply(Update.scala:73)
	at xsbt.boot.Update$$anon$2.call(Update.scala:67)
	at xsbt.boot.Update$$anon$2.call(Update.scala:67)
	at xsbt.boot.Locks$GlobalLock.withChannel$1(Locks.scala:63)
	at xsbt.boot.Locks$GlobalLock$$anonfun$withFileLock$1.apply(Locks.scala:67)
	at xsbt.boot.Locks$GlobalLock$$anonfun$withFileLock$1.apply(Locks.scala:67)
	at xsbt.boot.Using$.withResource(Using.scala:11)
	at xsbt.boot.Using$.apply(Using.scala:10)
	at xsbt.boot.Locks$GlobalLock.withFileLock(Locks.scala:67)
	at xsbt.boot.Locks$GlobalLock.liftedTree1$1(Locks.scala:45)
	at xsbt.boot.Locks$GlobalLock.withLock(Locks.scala:45)
	at xsbt.boot.Locks$.apply(Locks.scala:31)
	at xsbt.boot.Update.apply(Update.scala:68)
	at xsbt.boot.Provider$initialize.call(Provider.scala:41)
	at xsbt.boot.Provider$initialize.call(Provider.scala:32)
	at xsbt.boot.Locks$GlobalLock.withChannel$1(Locks.scala:63)
	at xsbt.boot.Locks$GlobalLock$$anonfun$withFileLock$1.apply(Locks.scala:67)
	at xsbt.boot.Locks$GlobalLock$$anonfun$withFileLock$1.apply(Locks.scala:67)
	at xsbt.boot.Using$.withResource(Using.scala:11)
	at xsbt.boot.Using$.apply(Using.scala:10)
	at xsbt.boot.Locks$GlobalLock.withFileLock(Locks.scala:67)
	at xsbt.boot.Locks$GlobalLock.liftedTree1$1(Locks.scala:45)
	at xsbt.boot.Locks$GlobalLock.withLock(Locks.scala:45)
	at xsbt.boot.Locks$.apply(Locks.scala:31)
	at xsbt.boot.Provider$class.$init$(Provider.scala:31)
	at xsbt.boot.Launch$ScalaProvider$AppProvider.<init>(Launch.scala:114)
	at xsbt.boot.Launch$ScalaProvider.app(Launch.scala:112)
	at xsbt.boot.Launch$.run(Launch.scala:49)
	at xsbt.boot.Launch$$anonfun$explicit$1.apply(Launch.scala:42)
	at xsbt.boot.Launch$$anonfun$explicit$1.apply(Launch.scala:42)
	at xsbt.boot.Launch$.launch(Launch.scala:57)
	at xsbt.boot.Launch$.explicit(Launch.scala:42)
	at xsbt.boot.Launch$.initialized(Launch.scala:38)
	at xsbt.boot.Launch$.parsed(Launch.scala:31)
	at xsbt.boot.Launch$.configured(Launch.scala:21)
	at xsbt.boot.Launch$.apply(Launch.scala:16)
	at xsbt.boot.Launch$.apply(Launch.scala:13)
	at xsbt.boot.Boot$.runImpl(Boot.scala:24)
	at xsbt.boot.Boot$.run(Boot.scala:19)
	at xsbt.boot.Boot$.main(Boot.scala:15)
	at xsbt.boot.Boot.main(Boot.scala)
Error during sbt execution: Error retrieving required libraries
